GAMS 28.2.0  r750fa45 Released Aug 19, 2019 DEX-DEG x86 64bit/Mac OS X - 11/28/19 20:32:22 Page 1
G e n e r a l   A l g e b r a i c   M o d e l i n g   S y s t e m
C o m p i l a t i o n


   2   
   3  Sets
   4      Asset
   5      Date
   6  ;
   7   
   8  Alias(Asset, i);
   9  Alias(Date, t);
  10   
  11  Parameter
  12      IndexReturns(i,t);
  13   
  14   
GDXIN   /Users/yuesongyang/Desktop/Finance/Project/Data.gdx
--- LOAD  Asset = 2:Asset
--- LOAD  Date = 3:Date
--- LOAD  IndexReturns = 1:IndexReturns
  18   
  19  display Date;
  20   
  21  set
  22           scen /s1*s250/
  23           w    /w1*w4/
  24           period(t) /3-1-2005,    31-1-2005 ,    28-2-2005 ,    28-3-2005 ,    25-4-2005 ,
  25           23-5-2005 ,    20-6-2005 ,    18-7-2005 ,    15-8-2005 ,    12-9-2005 ,
  26           10-10-2005,    7-11-2005 ,    5-12-2005 ,    2-1-2006  ,    30-1-2006 ,
  27           27-2-2006 ,    27-3-2006 ,    24-4-2006 ,    22-5-2006 ,    19-6-2006 ,
  28           17-7-2006 ,    14-8-2006 ,    11-9-2006 ,    9-10-2006 ,    6-11-2006 ,
  29           4-12-2006 ,    1-1-2007  ,    29-1-2007 ,    26-2-2007 ,    26-3-2007 ,
  30           23-4-2007 ,    21-5-2007 ,    18-6-2007 ,    16-7-2007 ,    13-8-2007 ,
  31           10-9-2007 ,    8-10-2007 ,    5-11-2007 ,    3-12-2007 ,    31-12-2007,
  32           28-1-2008 ,    25-2-2008 ,    24-3-2008 ,    21-4-2008 ,    19-5-2008 ,
  33           16-6-2008 ,    14-7-2008 ,    11-8-2008 ,    8-9-2008  ,    6-10-2008 ,
  34           3-11-2008 ,    1-12-2008 ,    29-12-2008,    26-1-2009 ,    23-2-2009 ,
  35           23-3-2009 ,    20-4-2009 ,    18-5-2009 ,    15-6-2009 ,    13-7-2009 ,
  36           10-8-2009 ,    7-9-2009  ,    5-10-2009 ,    2-11-2009 ,    30-11-2009,
  37           28-12-2009,    25-1-2010 ,    22-2-2010 ,    22-3-2010 ,    19-4-2010 ,
  38           17-5-2010 ,    14-6-2010 ,    12-7-2010 ,    9-8-2010  ,    6-9-2010  ,
  39           4-10-2010 ,    1-11-2010 ,    29-11-2010,    27-12-2010,    24-1-2011 ,
  40           21-2-2011 ,    21-3-2011 ,    18-4-2011 ,    16-5-2011 ,    13-6-2011 ,
  41           11-7-2011 ,    8-8-2011  ,    5-9-2011  ,    3-10-2011 ,    31-10-2011,
  42           28-11-2011,    26-12-2011,    23-1-2012 ,    20-2-2012 ,    19-3-2012 ,
  43           16-4-2012 ,    14-5-2012 ,    11-6-2012 ,    9-7-2012  ,    6-8-2012  ,
  44           3-9-2012  ,    1-10-2012 ,    29-10-2012,    26-11-2012,    24-12-2012,
  45           21-1-2013 ,    18-2-2013 ,    18-3-2013 ,    15-4-2013 ,    13-5-2013 ,
  46           10-6-2013 ,    8-7-2013  ,    5-8-2013  ,    2-9-2013  ,    30-9-2013 ,
  47           28-10-2013,    25-11-2013,    23-12-2013,    20-1-2014 ,    17-2-2014 ,
  48           17-3-2014 ,    14-4-2014 ,    12-5-2014 ,    9-6-2014  ,    7-7-2014  ,
  49           4-8-2014  ,    1-9-2014  ,    29-9-2014 ,    27-10-2014,    24-11-2014,
  50           22-12-2014,    19-1-2015 ,    16-2-2015 ,    16-3-2015 ,    13-4-2015 ,
  51           11-5-2015 ,    8-6-2015  ,    6-7-2015  ,    3-8-2015  ,    31-8-2015 ,
  52           28-9-2015 ,    26-10-2015,    23-11-2015,    21-12-2015,    18-1-2016 ,
  53           15-2-2016 ,    14-3-2016 ,    11-4-2016 ,    9-5-2016  ,    6-6-2016  ,
  54           4-7-2016  ,    1-8-2016  ,    29-8-2016 ,    26-9-2016 ,    24-10-2016,
  55           21-11-2016,    19-12-2016,    16-1-2017 ,    13-2-2017 ,    13-3-2017 ,
  56           10-4-2017 ,    8-5-2017  ,    5-6-2017  ,    3-7-2017  ,    31-7-2017 ,
  57           28-8-2017 ,    25-9-2017 ,    23-10-2017,    20-11-2017,    18-12-2017,
  58           15-1-2018 ,    12-2-2018 ,    12-3-2018 ,    9-4-2018  ,    7-5-2018  ,
  59           4-6-2018  ,    2-7-2018  ,    30-7-2018 ,    27-8-2018 ,    24-9-2018 ,
  60           22-10-2018,    19-11-2018,    17-12-2018,    14-1-2019 ,    11-2-2019 ,    11-3-2019 ,    8-4-2019/
  61   
  62  // outcomment next line, if you want to reseed the random number generator at each new run of the file
  63  *execseed=gmillisec(jnow)
  64   
  65  SCALAR randnum, counter;
  66  counter = -4;
  67   
  68  Parameter RetScenWeeks(i, scen, w);
  69  Parameter RetScen(period, i, scen);
  70   
  71  loop(period,
  72          counter=counter + 4;
  73          loop(scen,
  74               loop(w,
  75                       randnum = uniformint(1+counter, 335+counter);
  76                       RetScenWeeks(i, scen,  w) = SUM(t$(ord(t)=randnum), IndexReturns(i, t)) ;
  77               );
  78               RetScen(period, i,scen) = prod(w, (1 + RetScenWeeks(i, scen, w ))) - 1;
  79          )
  80  );
  81   
  82  display RetScen;
  83  EXECUTE_UNLOAD 'RollingScenarios.gdx', scen, Asset, RetScen;
GAMS 28.2.0  r750fa45 Released Aug 19, 2019 DEX-DEG x86 64bit/Mac OS X - 11/28/19 20:32:22 Page 2
G e n e r a l   A l g e b r a i c   M o d e l i n g   S y s t e m
Include File Summary


   SEQ   GLOBAL TYPE      PARENT   LOCAL  FILENAME

     1        1 INPUT          0       0  /Users/yuesongyang/Desktop/Finance/Project/Scenario_Generation_rolling.gms
     2       15 GDXIN          1      15  /Users/yuesongyang/Desktop/Finance/Project/Data.gdx


COMPILATION TIME     =        0.040 SECONDS     10 MB  28.2.0 r750fa45 DEX-DEG
GAMS 28.2.0  r750fa45 Released Aug 19, 2019 DEX-DEG x86 64bit/Mac OS X - 11/28/19 20:32:22 Page 3
G e n e r a l   A l g e b r a i c   M o d e l i n g   S y s t e m
E x e c u t i o n


----     19 SET Date  

3-8-1998  ,    10-8-1998 ,    17-8-1998 ,    24-8-1998 ,    31-8-1998 ,    7-9-1998  ,    14-9-1998 ,    21-9-1998 ,    28-9-1998 ,    5-10-1998 ,    12-10-1998,    19-10-1998,    26-10-1998,    2-11-1998 ,    9-11-1998 ,    16-11-1998,    23-11-1998
30-11-1998,    7-12-1998 ,    14-12-1998,    21-12-1998,    28-12-1998,    4-1-1999  ,    11-1-1999 ,    18-1-1999 ,    25-1-1999 ,    1-2-1999  ,    8-2-1999  ,    15-2-1999 ,    22-2-1999 ,    1-3-1999  ,    8-3-1999  ,    15-3-1999 ,    22-3-1999 
29-3-1999 ,    5-4-1999  ,    12-4-1999 ,    19-4-1999 ,    26-4-1999 ,    3-5-1999  ,    10-5-1999 ,    17-5-1999 ,    24-5-1999 ,    31-5-1999 ,    7-6-1999  ,    14-6-1999 ,    21-6-1999 ,    28-6-1999 ,    5-7-1999  ,    12-7-1999 ,    19-7-1999 
26-7-1999 ,    2-8-1999  ,    9-8-1999  ,    16-8-1999 ,    23-8-1999 ,    30-8-1999 ,    6-9-1999  ,    13-9-1999 ,    20-9-1999 ,    27-9-1999 ,    4-10-1999 ,    11-10-1999,    18-10-1999,    25-10-1999,    1-11-1999 ,    8-11-1999 ,    15-11-1999
22-11-1999,    29-11-1999,    6-12-1999 ,    13-12-1999,    20-12-1999,    27-12-1999,    3-1-2000  ,    10-1-2000 ,    17-1-2000 ,    24-1-2000 ,    31-1-2000 ,    7-2-2000  ,    14-2-2000 ,    21-2-2000 ,    28-2-2000 ,    6-3-2000  ,    13-3-2000 
20-3-2000 ,    27-3-2000 ,    3-4-2000  ,    10-4-2000 ,    17-4-2000 ,    24-4-2000 ,    1-5-2000  ,    8-5-2000  ,    15-5-2000 ,    22-5-2000 ,    29-5-2000 ,    5-6-2000  ,    12-6-2000 ,    19-6-2000 ,    26-6-2000 ,    3-7-2000  ,    10-7-2000 
17-7-2000 ,    24-7-2000 ,    31-7-2000 ,    7-8-2000  ,    14-8-2000 ,    21-8-2000 ,    28-8-2000 ,    4-9-2000  ,    11-9-2000 ,    18-9-2000 ,    25-9-2000 ,    2-10-2000 ,    9-10-2000 ,    16-10-2000,    23-10-2000,    30-10-2000,    6-11-2000 
13-11-2000,    20-11-2000,    27-11-2000,    4-12-2000 ,    11-12-2000,    18-12-2000,    25-12-2000,    1-1-2001  ,    8-1-2001  ,    15-1-2001 ,    22-1-2001 ,    29-1-2001 ,    5-2-2001  ,    12-2-2001 ,    19-2-2001 ,    26-2-2001 ,    5-3-2001  
12-3-2001 ,    19-3-2001 ,    26-3-2001 ,    2-4-2001  ,    9-4-2001  ,    16-4-2001 ,    23-4-2001 ,    30-4-2001 ,    7-5-2001  ,    14-5-2001 ,    21-5-2001 ,    28-5-2001 ,    4-6-2001  ,    11-6-2001 ,    18-6-2001 ,    25-6-2001 ,    2-7-2001  
9-7-2001  ,    16-7-2001 ,    23-7-2001 ,    30-7-2001 ,    6-8-2001  ,    13-8-2001 ,    20-8-2001 ,    27-8-2001 ,    3-9-2001  ,    10-9-2001 ,    17-9-2001 ,    24-9-2001 ,    1-10-2001 ,    8-10-2001 ,    15-10-2001,    22-10-2001,    29-10-2001
5-11-2001 ,    12-11-2001,    19-11-2001,    26-11-2001,    3-12-2001 ,    10-12-2001,    17-12-2001,    24-12-2001,    31-12-2001,    7-1-2002  ,    14-1-2002 ,    21-1-2002 ,    28-1-2002 ,    4-2-2002  ,    11-2-2002 ,    18-2-2002 ,    25-2-2002 
4-3-2002  ,    11-3-2002 ,    18-3-2002 ,    25-3-2002 ,    1-4-2002  ,    8-4-2002  ,    15-4-2002 ,    22-4-2002 ,    29-4-2002 ,    6-5-2002  ,    13-5-2002 ,    20-5-2002 ,    27-5-2002 ,    3-6-2002  ,    10-6-2002 ,    17-6-2002 ,    24-6-2002 
1-7-2002  ,    8-7-2002  ,    15-7-2002 ,    22-7-2002 ,    29-7-2002 ,    5-8-2002  ,    12-8-2002 ,    19-8-2002 ,    26-8-2002 ,    2-9-2002  ,    9-9-2002  ,    16-9-2002 ,    23-9-2002 ,    30-9-2002 ,    7-10-2002 ,    14-10-2002,    21-10-2002
28-10-2002,    4-11-2002 ,    11-11-2002,    18-11-2002,    25-11-2002,    2-12-2002 ,    9-12-2002 ,    16-12-2002,    23-12-2002,    30-12-2002,    6-1-2003  ,    13-1-2003 ,    20-1-2003 ,    27-1-2003 ,    3-2-2003  ,    10-2-2003 ,    17-2-2003 
24-2-2003 ,    3-3-2003  ,    10-3-2003 ,    17-3-2003 ,    24-3-2003 ,    31-3-2003 ,    7-4-2003  ,    14-4-2003 ,    21-4-2003 ,    28-4-2003 ,    5-5-2003  ,    12-5-2003 ,    19-5-2003 ,    26-5-2003 ,    2-6-2003  ,    9-6-2003  ,    16-6-2003 
23-6-2003 ,    30-6-2003 ,    7-7-2003  ,    14-7-2003 ,    21-7-2003 ,    28-7-2003 ,    4-8-2003  ,    11-8-2003 ,    18-8-2003 ,    25-8-2003 ,    1-9-2003  ,    8-9-2003  ,    15-9-2003 ,    22-9-2003 ,    29-9-2003 ,    6-10-2003 ,    13-10-2003
20-10-2003,    27-10-2003,    3-11-2003 ,    10-11-2003,    17-11-2003,    24-11-2003,    1-12-2003 ,    8-12-2003 ,    15-12-2003,    22-12-2003,    29-12-2003,    5-1-2004  ,    12-1-2004 ,    19-1-2004 ,    26-1-2004 ,    2-2-2004  ,    9-2-2004  
16-2-2004 ,    23-2-2004 ,    1-3-2004  ,    8-3-2004  ,    15-3-2004 ,    22-3-2004 ,    29-3-2004 ,    5-4-2004  ,    12-4-2004 ,    19-4-2004 ,    26-4-2004 ,    3-5-2004  ,    10-5-2004 ,    17-5-2004 ,    24-5-2004 ,    31-5-2004 ,    7-6-2004  
14-6-2004 ,    21-6-2004 ,    28-6-2004 ,    5-7-2004  ,    12-7-2004 ,    19-7-2004 ,    26-7-2004 ,    2-8-2004  ,    9-8-2004  ,    16-8-2004 ,    23-8-2004 ,    30-8-2004 ,    6-9-2004  ,    13-9-2004 ,    20-9-2004 ,    27-9-2004 ,    4-10-2004 
11-10-2004,    18-10-2004,    25-10-2004,    1-11-2004 ,    8-11-2004 ,    15-11-2004,    22-11-2004,    29-11-2004,    6-12-2004 ,    13-12-2004,    20-12-2004,    27-12-2004,    3-1-2005  ,    10-1-2005 ,    17-1-2005 ,    24-1-2005 ,    31-1-2005 
7-2-2005  ,    14-2-2005 ,    21-2-2005 ,    28-2-2005 ,    7-3-2005  ,    14-3-2005 ,    21-3-2005 ,    28-3-2005 ,    4-4-2005  ,    11-4-2005 ,    18-4-2005 ,    25-4-2005 ,    2-5-2005  ,    9-5-2005  ,    16-5-2005 ,    23-5-2005 ,    30-5-2005 
6-6-2005  ,    13-6-2005 ,    20-6-2005 ,    27-6-2005 ,    4-7-2005  ,    11-7-2005 ,    18-7-2005 ,    25-7-2005 ,    1-8-2005  ,    8-8-2005  ,    15-8-2005 ,    22-8-2005 ,    29-8-2005 ,    5-9-2005  ,    12-9-2005 ,    19-9-2005 ,    26-9-2005 
3-10-2005 ,    10-10-2005,    17-10-2005,    24-10-2005,    31-10-2005,    7-11-2005 ,    14-11-2005,    21-11-2005,    28-11-2005,    5-12-2005 ,    12-12-2005,    19-12-2005,    26-12-2005,    2-1-2006  ,    9-1-2006  ,    16-1-2006 ,    23-1-2006 
30-1-2006 ,    6-2-2006  ,    13-2-2006 ,    20-2-2006 ,    27-2-2006 ,    6-3-2006  ,    13-3-2006 ,    20-3-2006 ,    27-3-2006 ,    3-4-2006  ,    10-4-2006 ,    17-4-2006 ,    24-4-2006 ,    1-5-2006  ,    8-5-2006  ,    15-5-2006 ,    22-5-2006 
29-5-2006 ,    5-6-2006  ,    12-6-2006 ,    19-6-2006 ,    26-6-2006 ,    3-7-2006  ,    10-7-2006 ,    17-7-2006 ,    24-7-2006 ,    31-7-2006 ,    7-8-2006  ,    14-8-2006 ,    21-8-2006 ,    28-8-2006 ,    4-9-2006  ,    11-9-2006 ,    18-9-2006 
25-9-2006 ,    2-10-2006 ,    9-10-2006 ,    16-10-2006,    23-10-2006,    30-10-2006,    6-11-2006 ,    13-11-2006,    20-11-2006,    27-11-2006,    4-12-2006 ,    11-12-2006,    18-12-2006,    25-12-2006,    1-1-2007  ,    8-1-2007  ,    15-1-2007 
22-1-2007 ,    29-1-2007 ,    5-2-2007  ,    12-2-2007 ,    19-2-2007 ,    26-2-2007 ,    5-3-2007  ,    12-3-2007 ,    19-3-2007 ,    26-3-2007 ,    2-4-2007  ,    9-4-2007  ,    16-4-2007 ,    23-4-2007 ,    30-4-2007 ,    7-5-2007  ,    14-5-2007 
21-5-2007 ,    28-5-2007 ,    4-6-2007  ,    11-6-2007 ,    18-6-2007 ,    25-6-2007 ,    2-7-2007  ,    9-7-2007  ,    16-7-2007 ,    23-7-2007 ,    30-7-2007 ,    6-8-2007  ,    13-8-2007 ,    20-8-2007 ,    27-8-2007 ,    3-9-2007  ,    10-9-2007 
17-9-2007 ,    24-9-2007 ,    1-10-2007 ,    8-10-2007 ,    15-10-2007,    22-10-2007,    29-10-2007,    5-11-2007 ,    12-11-2007,    19-11-2007,    26-11-2007,    3-12-2007 ,    10-12-2007,    17-12-2007,    24-12-2007,    31-12-2007,    7-1-2008  
14-1-2008 ,    21-1-2008 ,    28-1-2008 ,    4-2-2008  ,    11-2-2008 ,    18-2-2008 ,    25-2-2008 ,    3-3-2008  ,    10-3-2008 ,    17-3-2008 ,    24-3-2008 ,    31-3-2008 ,    7-4-2008  ,    14-4-2008 ,    21-4-2008 ,    28-4-2008 ,    5-5-2008  
12-5-2008 ,    19-5-2008 ,    26-5-2008 ,    2-6-2008  ,    9-6-2008  ,    16-6-2008 ,    23-6-2008 ,    30-6-2008 ,    7-7-2008  ,    14-7-2008 ,    21-7-2008 ,    28-7-2008 ,    4-8-2008  ,    11-8-2008 ,    18-8-2008 ,    25-8-2008 ,    1-9-2008  
8-9-2008  ,    15-9-2008 ,    22-9-2008 ,    29-9-2008 ,    6-10-2008 ,    13-10-2008,    20-10-2008,    27-10-2008,    3-11-2008 ,    10-11-2008,    17-11-2008,    24-11-2008,    1-12-2008 ,    8-12-2008 ,    15-12-2008,    22-12-2008,    29-12-2008
5-1-2009  ,    12-1-2009 ,    19-1-2009 ,    26-1-2009 ,    2-2-2009  ,    9-2-2009  ,    16-2-2009 ,    23-2-2009 ,    2-3-2009  ,    9-3-2009  ,    16-3-2009 ,    23-3-2009 ,    30-3-2009 ,    6-4-2009  ,    13-4-2009 ,    20-4-2009 ,    27-4-2009 
4-5-2009  ,    11-5-2009 ,    18-5-2009 ,    25-5-2009 ,    1-6-2009  ,    8-6-2009  ,    15-6-2009 ,    22-6-2009 ,    29-6-2009 ,    6-7-2009  ,    13-7-2009 ,    20-7-2009 ,    27-7-2009 ,    3-8-2009  ,    10-8-2009 ,    17-8-2009 ,    24-8-2009 
31-8-2009 ,    7-9-2009  ,    14-9-2009 ,    21-9-2009 ,    28-9-2009 ,    5-10-2009 ,    12-10-2009,    19-10-2009,    26-10-2009,    2-11-2009 ,    9-11-2009 ,    16-11-2009,    23-11-2009,    30-11-2009,    7-12-2009 ,    14-12-2009,    21-12-2009
28-12-2009,    4-1-2010  ,    11-1-2010 ,    18-1-2010 ,    25-1-2010 ,    1-2-2010  ,    8-2-2010  ,    15-2-2010 ,    22-2-2010 ,    1-3-2010  ,    8-3-2010  ,    15-3-2010 ,    22-3-2010 ,    29-3-2010 ,    5-4-2010  ,    12-4-2010 ,    19-4-2010 
26-4-2010 ,    3-5-2010  ,    10-5-2010 ,    17-5-2010 ,    24-5-2010 ,    31-5-2010 ,    7-6-2010  ,    14-6-2010 ,    21-6-2010 ,    28-6-2010 ,    5-7-2010  ,    12-7-2010 ,    19-7-2010 ,    26-7-2010 ,    2-8-2010  ,    9-8-2010  ,    16-8-2010 
23-8-2010 ,    30-8-2010 ,    6-9-2010  ,    13-9-2010 ,    20-9-2010 ,    27-9-2010 ,    4-10-2010 ,    11-10-2010,    18-10-2010,    25-10-2010,    1-11-2010 ,    8-11-2010 ,    15-11-2010,    22-11-2010,    29-11-2010,    6-12-2010 ,    13-12-2010
20-12-2010,    27-12-2010,    3-1-2011  ,    10-1-2011 ,    17-1-2011 ,    24-1-2011 ,    31-1-2011 ,    7-2-2011  ,    14-2-2011 ,    21-2-2011 ,    28-2-2011 ,    7-3-2011  ,    14-3-2011 ,    21-3-2011 ,    28-3-2011 ,    4-4-2011  ,    11-4-2011 
18-4-2011 ,    25-4-2011 ,    2-5-2011  ,    9-5-2011  ,    16-5-2011 ,    23-5-2011 ,    30-5-2011 ,    6-6-2011  ,    13-6-2011 ,    20-6-2011 ,    27-6-2011 ,    4-7-2011  ,    11-7-2011 ,    18-7-2011 ,    25-7-2011 ,    1-8-2011  ,    8-8-2011  
15-8-2011 ,    22-8-2011 ,    29-8-2011 ,    5-9-2011  ,    12-9-2011 ,    19-9-2011 ,    26-9-2011 ,    3-10-2011 ,    10-10-2011,    17-10-2011,    24-10-2011,    31-10-2011,    7-11-2011 ,    14-11-2011,    21-11-2011,    28-11-2011,    5-12-2011 
12-12-2011,    19-12-2011,    26-12-2011,    2-1-2012  ,    9-1-2012  ,    16-1-2012 ,    23-1-2012 ,    30-1-2012 ,    6-2-2012  ,    13-2-2012 ,    20-2-2012 ,    27-2-2012 ,    5-3-2012  ,    12-3-2012 ,    19-3-2012 ,    26-3-2012 ,    2-4-2012  
9-4-2012  ,    16-4-2012 ,    23-4-2012 ,    30-4-2012 ,    7-5-2012  ,    14-5-2012 ,    21-5-2012 ,    28-5-2012 ,    4-6-2012  ,    11-6-2012 ,    18-6-2012 ,    25-6-2012 ,    2-7-2012  ,    9-7-2012  ,    16-7-2012 ,    23-7-2012 ,    30-7-2012 
6-8-2012  ,    13-8-2012 ,    20-8-2012 ,    27-8-2012 ,    3-9-2012  ,    10-9-2012 ,    17-9-2012 ,    24-9-2012 ,    1-10-2012 ,    8-10-2012 ,    15-10-2012,    22-10-2012,    29-10-2012,    5-11-2012 ,    12-11-2012,    19-11-2012,    26-11-2012
3-12-2012 ,    10-12-2012,    17-12-2012,    24-12-2012,    31-12-2012,    7-1-2013  ,    14-1-2013 ,    21-1-2013 ,    28-1-2013 ,    4-2-2013  ,    11-2-2013 ,    18-2-2013 ,    25-2-2013 ,    4-3-2013  ,    11-3-2013 ,    18-3-2013 ,    25-3-2013 
1-4-2013  ,    8-4-2013  ,    15-4-2013 ,    22-4-2013 ,    29-4-2013 ,    6-5-2013  ,    13-5-2013 ,    20-5-2013 ,    27-5-2013 ,    3-6-2013  ,    10-6-2013 ,    17-6-2013 ,    24-6-2013 ,    1-7-2013  ,    8-7-2013  ,    15-7-2013 ,    22-7-2013 
29-7-2013 ,    5-8-2013  ,    12-8-2013 ,    19-8-2013 ,    26-8-2013 ,    2-9-2013  ,    9-9-2013  ,    16-9-2013 ,    23-9-2013 ,    30-9-2013 ,    7-10-2013 ,    14-10-2013,    21-10-2013,    28-10-2013,    4-11-2013 ,    11-11-2013,    18-11-2013
25-11-2013,    2-12-2013 ,    9-12-2013 ,    16-12-2013,    23-12-2013,    30-12-2013,    6-1-2014  ,    13-1-2014 ,    20-1-2014 ,    27-1-2014 ,    3-2-2014  ,    10-2-2014 ,    17-2-2014 ,    24-2-2014 ,    3-3-2014  ,    10-3-2014 ,    17-3-2014 
24-3-2014 ,    31-3-2014 ,    7-4-2014  ,    14-4-2014 ,    21-4-2014 ,    28-4-2014 ,    5-5-2014  ,    12-5-2014 ,    19-5-2014 ,    26-5-2014 ,    2-6-2014  ,    9-6-2014  ,    16-6-2014 ,    23-6-2014 ,    30-6-2014 ,    7-7-2014  ,    14-7-2014 
21-7-2014 ,    28-7-2014 ,    4-8-2014  ,    11-8-2014 ,    18-8-2014 ,    25-8-2014 ,    1-9-2014  ,    8-9-2014  ,    15-9-2014 ,    22-9-2014 ,    29-9-2014 ,    6-10-2014 ,    13-10-2014,    20-10-2014,    27-10-2014,    3-11-2014 ,    10-11-2014
17-11-2014,    24-11-2014,    1-12-2014 ,    8-12-2014 ,    15-12-2014,    22-12-2014,    29-12-2014,    5-1-2015  ,    12-1-2015 ,    19-1-2015 ,    26-1-2015 ,    2-2-2015  ,    9-2-2015  ,    16-2-2015 ,    23-2-2015 ,    2-3-2015  ,    9-3-2015  
16-3-2015 ,    23-3-2015 ,    30-3-2015 ,    6-4-2015  ,    13-4-2015 ,    20-4-2015 ,    27-4-2015 ,    4-5-2015  ,    11-5-2015 ,    18-5-2015 ,    25-5-2015 ,    1-6-2015  ,    8-6-2015  ,    15-6-2015 ,    22-6-2015 ,    29-6-2015 ,    6-7-2015  
13-7-2015 ,    20-7-2015 ,    27-7-2015 ,    3-8-2015  ,    10-8-2015 ,    17-8-2015 ,    24-8-2015 ,    31-8-2015 ,    7-9-2015  ,    14-9-2015 ,    21-9-2015 ,    28-9-2015 ,    5-10-2015 ,    12-10-2015,    19-10-2015,    26-10-2015,    2-11-2015 
9-11-2015 ,    16-11-2015,    23-11-2015,    30-11-2015,    7-12-2015 ,    14-12-2015,    21-12-2015,    28-12-2015,    4-1-2016  ,    11-1-2016 ,    18-1-2016 ,    25-1-2016 ,    1-2-2016  ,    8-2-2016  ,    15-2-2016 ,    22-2-2016 ,    29-2-2016 
7-3-2016  ,    14-3-2016 ,    21-3-2016 ,    28-3-2016 ,    4-4-2016  ,    11-4-2016 ,    18-4-2016 ,    25-4-2016 ,    2-5-2016  ,    9-5-2016  ,    16-5-2016 ,    23-5-2016 ,    30-5-2016 ,    6-6-2016  ,    13-6-2016 ,    20-6-2016 ,    27-6-2016 
4-7-2016  ,    11-7-2016 ,    18-7-2016 ,    25-7-2016 ,    1-8-2016  ,    8-8-2016  ,    15-8-2016 ,    22-8-2016 ,    29-8-2016 ,    5-9-2016  ,    12-9-2016 ,    19-9-2016 ,    26-9-2016 ,    3-10-2016 ,    10-10-2016,    17-10-2016,    24-10-2016
31-10-2016,    7-11-2016 ,    14-11-2016,    21-11-2016,    28-11-2016,    5-12-2016 ,    12-12-2016,    19-12-2016,    26-12-2016,    2-1-2017  ,    9-1-2017  ,    16-1-2017 ,    23-1-2017 ,    30-1-2017 ,    6-2-2017  ,    13-2-2017 ,    20-2-2017 
27-2-2017 ,    6-3-2017  ,    13-3-2017 ,    20-3-2017 ,    27-3-2017 ,    3-4-2017  ,    10-4-2017 ,    17-4-2017 ,    24-4-2017 ,    1-5-2017  ,    8-5-2017  ,    15-5-2017 ,    22-5-2017 ,    29-5-2017 ,    5-6-2017  ,    12-6-2017 ,    19-6-2017 
26-6-2017 ,    3-7-2017  ,    10-7-2017 ,    17-7-2017 ,    24-7-2017 ,    31-7-2017 ,    7-8-2017  ,    14-8-2017 ,    21-8-2017 ,    28-8-2017 ,    4-9-2017  ,    11-9-2017 ,    18-9-2017 ,    25-9-2017 ,    2-10-2017 ,    9-10-2017 ,    16-10-2017
23-10-2017,    30-10-2017,    6-11-2017 ,    13-11-2017,    20-11-2017,    27-11-2017,    4-12-2017 ,    11-12-2017,    18-12-2017,    25-12-2017,    1-1-2018  ,    8-1-2018  ,    15-1-2018 ,    22-1-2018 ,    29-1-2018 ,    5-